<?xml version="1.0" encoding="UTF-8"?>
<!-- Generated by org.testng.reporters.JUnitReportReporter -->
<testsuite hostname="LAPTOP-B48U7F80" failures="0" tests="2" name="com.w2a.testcases.TestCases" time="39.297" errors="0" timestamp="2025-04-17T08:40:01 IST" skipped="0">
  <testcase classname="com.w2a.testcases.TestCases" name="LoginAsBankManager" time="22.641"/>
  <system-out/>
  <testcase classname="com.w2a.testcases.TestCases" name="EnterAddCustomerDetails" time="16.656"/>
  <system-out/>
</testsuite> <!-- com.w2a.testcases.TestCases -->
