<?xml version="1.0" encoding="UTF-8"?>
<!-- Generated by org.testng.reporters.JUnitReportReporter -->
<testsuite hostname="LAPTOP-B48U7F80" failures="0" tests="1" name="com.w2a.testcases.LoginTest" time="8.231" errors="0" timestamp="2025-02-02T19:06:55 IST" skipped="0">
  <testcase classname="com.w2a.testcases.LoginTest" name="LoginAsBankManager" time="8.231"/>
  <system-out/>
</testsuite> <!-- com.w2a.testcases.LoginTest -->
